# JRE version: OpenJDK Runtime Environment AdoptOpenJDK (14.0.2+12) (build 14.0.2+12)
# Java VM: OpenJDK 64-Bit Server VM AdoptOpenJDK (14.0.2+12, mixed mode, sharing, tiered, compressed oops, g1 gc, bsd-amd64)
Heap:
 garbage-first heap   total 27648K, used 6067K [0x00000007c0000000, 0x0000000800000000)
  region size 1024K, 1 young (1024K), 0 survivors (0K)
 Metaspace       used 2402K, capacity 4931K, committed 5120K, reserved 1056768K
  class space    used 218K, capacity 465K, committed 512K, reserved 1048576K
GC Heap History (20 events):
Event: 6.368 GC heap before
{Heap before GC invocations=18 (full 10):
 garbage-first heap   total 27648K, used 6066K [0x00000007c0000000, 0x0000000800000000)
  region size 1024K, 1 young (1024K), 0 survivors (0K)
 Metaspace       used 2394K, capacity 4931K, committed 5120K, reserved 1056768K
  class space    used 217K, capacity 465K, committed 512K, reserved 1048576K
}
Event: 6.373 GC heap after
{Heap after GC invocations=19 (full 11):
 garbage-first heap   total 27648K, used 6066K [0x00000007c0000000, 0x0000000800000000)
  region size 1024K, 0 young (0K), 0 survivors (0K)
 Metaspace       used 2394K, capacity 4931K, committed 5120K, reserved 1056768K
  class space    used 217K, capacity 465K, committed 512K, reserved 1048576K
}
Event: 6.405 GC heap before
{Heap before GC invocations=19 (full 11):
 garbage-first heap   total 27648K, used 6066K [0x00000007c0000000, 0x0000000800000000)
  region size 1024K, 1 young (1024K), 0 survivors (0K)
 Metaspace       used 2394K, capacity 4931K, committed 5120K, reserved 1056768K
  class space    used 217K, capacity 465K, committed 512K, reserved 1048576K
}
Event: 6.410 GC heap after
{Heap after GC invocations=20 (full 12):
 garbage-first heap   total 27648K, used 6066K [0x00000007c0000000, 0x0000000800000000)
  region size 1024K, 0 young (0K), 0 survivors (0K)
 Metaspace       used 2394K, capacity 4931K, committed 5120K, reserved 1056768K
  class space    used 217K, capacity 465K, committed 512K, reserved 1048576K
}
Event: 6.476 GC heap before
{Heap before GC invocations=20 (full 12):
 garbage-first heap   total 27648K, used 6066K [0x00000007c0000000, 0x0000000800000000)
  region size 1024K, 1 young (1024K), 0 survivors (0K)
 Metaspace       used 2394K, capacity 4931K, committed 5120K, reserved 1056768K
  class space    used 217K, capacity 465K, committed 512K, reserved 1048576K
}
Event: 6.482 GC heap after
{Heap after GC invocations=21 (full 13):
 garbage-first heap   total 27648K, used 6066K [0x00000007c0000000, 0x0000000800000000)
  region size 1024K, 0 young (0K), 0 survivors (0K)
 Metaspace       used 2394K, capacity 4931K, committed 5120K, reserved 1056768K
  class space    used 217K, capacity 465K, committed 512K, reserved 1048576K
}
Event: 6.548 GC heap before
{Heap before GC invocations=21 (full 13):
 garbage-first heap   total 27648K, used 6066K [0x00000007c0000000, 0x0000000800000000)
  region size 1024K, 1 young (1024K), 0 survivors (0K)
 Metaspace       used 2394K, capacity 4931K, committed 5120K, reserved 1056768K
  class space    used 217K, capacity 465K, committed 512K, reserved 1048576K
}
Event: 6.554 GC heap after
{Heap after GC invocations=22 (full 14):
 garbage-first heap   total 27648K, used 6066K [0x00000007c0000000, 0x0000000800000000)
  region size 1024K, 0 young (0K), 0 survivors (0K)
 Metaspace       used 2394K, capacity 4931K, committed 5120K, reserved 1056768K
  class space    used 217K, capacity 465K, committed 512K, reserved 1048576K
}
Event: 6.554 GC heap before
{Heap before GC invocations=22 (full 14):
 garbage-first heap   total 27648K, used 6066K [0x00000007c0000000, 0x0000000800000000)
  region size 1024K, 1 young (1024K), 0 survivors (0K)
 Metaspace       used 2394K, capacity 4931K, committed 5120K, reserved 1056768K
  class space    used 217K, capacity 465K, committed 512K, reserved 1048576K
}
Event: 6.559 GC heap after
{Heap after GC invocations=23 (full 15):
 garbage-first heap   total 27648K, used 6066K [0x00000007c0000000, 0x0000000800000000)
  region size 1024K, 0 young (0K), 0 survivors (0K)
 Metaspace       used 2394K, capacity 4931K, committed 5120K, reserved 1056768K
  class space    used 217K, capacity 465K, committed 512K, reserved 1048576K
}
Event: 6.603 GC heap before
{Heap before GC invocations=23 (full 15):
 garbage-first heap   total 27648K, used 6066K [0x00000007c0000000, 0x0000000800000000)
  region size 1024K, 1 young (1024K), 0 survivors (0K)
 Metaspace       used 2394K, capacity 4931K, committed 5120K, reserved 1056768K
  class space    used 217K, capacity 465K, committed 512K, reserved 1048576K
}
Event: 6.609 GC heap after
{Heap after GC invocations=24 (full 16):
 garbage-first heap   total 27648K, used 6066K [0x00000007c0000000, 0x0000000800000000)
  region size 1024K, 0 young (0K), 0 survivors (0K)
 Metaspace       used 2394K, capacity 4931K, committed 5120K, reserved 1056768K
  class space    used 217K, capacity 465K, committed 512K, reserved 1048576K
}
Event: 6.609 GC heap before
{Heap before GC invocations=24 (full 16):
 garbage-first heap   total 27648K, used 6066K [0x00000007c0000000, 0x0000000800000000)
  region size 1024K, 0 young (0K), 0 survivors (0K)
 Metaspace       used 2394K, capacity 4931K, committed 5120K, reserved 1056768K
  class space    used 217K, capacity 465K, committed 512K, reserved 1048576K
}
Event: 6.613 GC heap after
{Heap after GC invocations=25 (full 17):
 garbage-first heap   total 27648K, used 6066K [0x00000007c0000000, 0x0000000800000000)
  region size 1024K, 0 young (0K), 0 survivors (0K)
 Metaspace       used 2394K, capacity 4931K, committed 5120K, reserved 1056768K
  class space    used 217K, capacity 465K, committed 512K, reserved 1048576K
}
Event: 6.656 GC heap before
{Heap before GC invocations=25 (full 17):
 garbage-first heap   total 27648K, used 6066K [0x00000007c0000000, 0x0000000800000000)
  region size 1024K, 1 young (1024K), 0 survivors (0K)
 Metaspace       used 2394K, capacity 4931K, committed 5120K, reserved 1056768K
  class space    used 217K, capacity 465K, committed 512K, reserved 1048576K
}
Event: 6.661 GC heap after
{Heap after GC invocations=26 (full 18):
 garbage-first heap   total 27648K, used 6066K [0x00000007c0000000, 0x0000000800000000)
  region size 1024K, 0 young (0K), 0 survivors (0K)
 Metaspace       used 2394K, capacity 4931K, committed 5120K, reserved 1056768K
  class space    used 217K, capacity 465K, committed 512K, reserved 1048576K
}
Event: 6.661 GC heap before
{Heap before GC invocations=26 (full 18):
 garbage-first heap   total 27648K, used 6066K [0x00000007c0000000, 0x0000000800000000)
  region size 1024K, 0 young (0K), 0 survivors (0K)
 Metaspace       used 2394K, capacity 4931K, committed 5120K, reserved 1056768K
  class space    used 217K, capacity 465K, committed 512K, reserved 1048576K
}
Event: 6.666 GC heap after
{Heap after GC invocations=27 (full 19):
 garbage-first heap   total 27648K, used 6066K [0x00000007c0000000, 0x0000000800000000)
  region size 1024K, 0 young (0K), 0 survivors (0K)
 Metaspace       used 2394K, capacity 4931K, committed 5120K, reserved 1056768K
  class space    used 217K, capacity 465K, committed 512K, reserved 1048576K
}
Event: 15.591 GC heap before
{Heap before GC invocations=27 (full 19):
 garbage-first heap   total 27648K, used 6066K [0x00000007c0000000, 0x0000000800000000)
  region size 1024K, 1 young (1024K), 0 survivors (0K)
 Metaspace       used 2394K, capacity 4931K, committed 5120K, reserved 1056768K
  class space    used 217K, capacity 465K, committed 512K, reserved 1048576K
}
Event: 15.598 GC heap after
{Heap after GC invocations=28 (full 20):
 garbage-first heap   total 27648K, used 6067K [0x00000007c0000000, 0x0000000800000000)
  region size 1024K, 0 young (0K), 0 survivors (0K)
 Metaspace       used 2394K, capacity 4931K, committed 5120K, reserved 1056768K
  class space    used 217K, capacity 465K, committed 512K, reserved 1048576K
}

