# JRE version: Java(TM) SE Runtime Environment (17.0.2+8) (build 17.0.2+8-LTS-86)
# Java VM: Java HotSpot(TM) 64-Bit Server VM (17.0.2+8-LTS-86, mixed mode, sharing, tiered, compressed oops, compressed class ptrs, g1 gc, windows-amd64)
GC Precious Log:
 CPUs: 8 total, 8 available
 Memory: 16093M
 Large Page Support: Disabled
 NUMA Support: Disabled
 Compressed Oops: Enabled (32-bit)
 Heap Region Size: 1M
 Heap Min Capacity: 8M
 Heap Initial Capacity: 252M
 Heap Max Capacity: 1G
 Pre-touch: Disabled
 Parallel Workers: 8
 Concurrent Workers: 2
 Concurrent Refinement Workers: 8
 Periodic GC: Disabled
Heap:
 garbage-first heap   total 20480K, used 5582K [0x00000000c0000000, 0x0000000100000000)
  region size 1024K, 1 young (1024K), 0 survivors (0K)
 Metaspace       used 2053K, committed 2176K, reserved 1056768K
  class space    used 176K, committed 256K, reserved 1048576K
GC Heap History (20 events):
Event: 19.361 GC heap before
{Heap before GC invocations=27 (full 23):
 garbage-first heap   total 20480K, used 5582K [0x00000000c0000000, 0x0000000100000000)
  region size 1024K, 1 young (1024K), 0 survivors (0K)
 Metaspace       used 2053K, committed 2176K, reserved 1056768K
  class space    used 176K, committed 256K, reserved 1048576K
}
Event: 19.366 GC heap after
{Heap after GC invocations=28 (full 24):
 garbage-first heap   total 20480K, used 5582K [0x00000000c0000000, 0x0000000100000000)
  region size 1024K, 0 young (0K), 0 survivors (0K)
 Metaspace       used 2053K, committed 2176K, reserved 1056768K
  class space    used 176K, committed 256K, reserved 1048576K
}
Event: 19.427 GC heap before
{Heap before GC invocations=28 (full 24):
 garbage-first heap   total 20480K, used 5582K [0x00000000c0000000, 0x0000000100000000)
  region size 1024K, 1 young (1024K), 0 survivors (0K)
 Metaspace       used 2053K, committed 2176K, reserved 1056768K
  class space    used 176K, committed 256K, reserved 1048576K
}
Event: 19.435 GC heap after
{Heap after GC invocations=29 (full 25):
 garbage-first heap   total 20480K, used 5582K [0x00000000c0000000, 0x0000000100000000)
  region size 1024K, 0 young (0K), 0 survivors (0K)
 Metaspace       used 2053K, committed 2176K, reserved 1056768K
  class space    used 176K, committed 256K, reserved 1048576K
}
Event: 19.887 GC heap before
{Heap before GC invocations=29 (full 25):
 garbage-first heap   total 20480K, used 5582K [0x00000000c0000000, 0x0000000100000000)
  region size 1024K, 1 young (1024K), 0 survivors (0K)
 Metaspace       used 2053K, committed 2176K, reserved 1056768K
  class space    used 176K, committed 256K, reserved 1048576K
}
Event: 19.893 GC heap after
{Heap after GC invocations=30 (full 26):
 garbage-first heap   total 20480K, used 5582K [0x00000000c0000000, 0x0000000100000000)
  region size 1024K, 0 young (0K), 0 survivors (0K)
 Metaspace       used 2053K, committed 2176K, reserved 1056768K
  class space    used 176K, committed 256K, reserved 1048576K
}
Event: 19.981 GC heap before
{Heap before GC invocations=30 (full 26):
 garbage-first heap   total 20480K, used 5582K [0x00000000c0000000, 0x0000000100000000)
  region size 1024K, 1 young (1024K), 0 survivors (0K)
 Metaspace       used 2053K, committed 2176K, reserved 1056768K
  class space    used 176K, committed 256K, reserved 1048576K
}
Event: 19.989 GC heap after
{Heap after GC invocations=31 (full 27):
 garbage-first heap   total 20480K, used 5582K [0x00000000c0000000, 0x0000000100000000)
  region size 1024K, 0 young (0K), 0 survivors (0K)
 Metaspace       used 2053K, committed 2176K, reserved 1056768K
  class space    used 176K, committed 256K, reserved 1048576K
}
Event: 20.079 GC heap before
{Heap before GC invocations=31 (full 27):
 garbage-first heap   total 20480K, used 5582K [0x00000000c0000000, 0x0000000100000000)
  region size 1024K, 1 young (1024K), 0 survivors (0K)
 Metaspace       used 2053K, committed 2176K, reserved 1056768K
  class space    used 176K, committed 256K, reserved 1048576K
}
Event: 20.084 GC heap after
{Heap after GC invocations=32 (full 28):
 garbage-first heap   total 20480K, used 5582K [0x00000000c0000000, 0x0000000100000000)
  region size 1024K, 0 young (0K), 0 survivors (0K)
 Metaspace       used 2053K, committed 2176K, reserved 1056768K
  class space    used 176K, committed 256K, reserved 1048576K
}
Event: 22.352 GC heap before
{Heap before GC invocations=32 (full 28):
 garbage-first heap   total 20480K, used 5582K [0x00000000c0000000, 0x0000000100000000)
  region size 1024K, 1 young (1024K), 0 survivors (0K)
 Metaspace       used 2053K, committed 2176K, reserved 1056768K
  class space    used 176K, committed 256K, reserved 1048576K
}
Event: 22.359 GC heap after
{Heap after GC invocations=33 (full 29):
 garbage-first heap   total 20480K, used 5582K [0x00000000c0000000, 0x0000000100000000)
  region size 1024K, 0 young (0K), 0 survivors (0K)
 Metaspace       used 2053K, committed 2176K, reserved 1056768K
  class space    used 176K, committed 256K, reserved 1048576K
}
Event: 22.439 GC heap before
{Heap before GC invocations=33 (full 29):
 garbage-first heap   total 20480K, used 5582K [0x00000000c0000000, 0x0000000100000000)
  region size 1024K, 1 young (1024K), 0 survivors (0K)
 Metaspace       used 2053K, committed 2176K, reserved 1056768K
  class space    used 176K, committed 256K, reserved 1048576K
}
Event: 22.445 GC heap after
{Heap after GC invocations=34 (full 30):
 garbage-first heap   total 20480K, used 5582K [0x00000000c0000000, 0x0000000100000000)
  region size 1024K, 0 young (0K), 0 survivors (0K)
 Metaspace       used 2053K, committed 2176K, reserved 1056768K
  class space    used 176K, committed 256K, reserved 1048576K
}
Event: 22.522 GC heap before
{Heap before GC invocations=34 (full 30):
 garbage-first heap   total 20480K, used 5582K [0x00000000c0000000, 0x0000000100000000)
  region size 1024K, 1 young (1024K), 0 survivors (0K)
 Metaspace       used 2053K, committed 2176K, reserved 1056768K
  class space    used 176K, committed 256K, reserved 1048576K
}
Event: 22.528 GC heap after
{Heap after GC invocations=35 (full 31):
 garbage-first heap   total 20480K, used 5582K [0x00000000c0000000, 0x0000000100000000)
  region size 1024K, 0 young (0K), 0 survivors (0K)
 Metaspace       used 2053K, committed 2176K, reserved 1056768K
  class space    used 176K, committed 256K, reserved 1048576K
}
Event: 91.317 GC heap before
{Heap before GC invocations=35 (full 31):
 garbage-first heap   total 20480K, used 5582K [0x00000000c0000000, 0x0000000100000000)
  region size 1024K, 1 young (1024K), 0 survivors (0K)
 Metaspace       used 2053K, committed 2176K, reserved 1056768K
  class space    used 176K, committed 256K, reserved 1048576K
}
Event: 91.323 GC heap after
{Heap after GC invocations=36 (full 32):
 garbage-first heap   total 20480K, used 5582K [0x00000000c0000000, 0x0000000100000000)
  region size 1024K, 0 young (0K), 0 survivors (0K)
 Metaspace       used 2053K, committed 2176K, reserved 1056768K
  class space    used 176K, committed 256K, reserved 1048576K
}
Event: 91.809 GC heap before
{Heap before GC invocations=36 (full 32):
 garbage-first heap   total 20480K, used 5582K [0x00000000c0000000, 0x0000000100000000)
  region size 1024K, 1 young (1024K), 0 survivors (0K)
 Metaspace       used 2053K, committed 2176K, reserved 1056768K
  class space    used 176K, committed 256K, reserved 1048576K
}
Event: 91.815 GC heap after
{Heap after GC invocations=37 (full 33):
 garbage-first heap   total 20480K, used 5582K [0x00000000c0000000, 0x0000000100000000)
  region size 1024K, 0 young (0K), 0 survivors (0K)
 Metaspace       used 2053K, committed 2176K, reserved 1056768K
  class space    used 176K, committed 256K, reserved 1048576K
}

