# JRE version: Java(TM) SE Runtime Environment (17.0.2+8) (build 17.0.2+8-LTS-86)
# Java VM: Java HotSpot(TM) 64-Bit Server VM (17.0.2+8-LTS-86, mixed mode, sharing, tiered, compressed oops, compressed class ptrs, g1 gc, windows-amd64)
GC Precious Log:
 CPUs: 8 total, 8 available
 Memory: 16093M
 Large Page Support: Disabled
 NUMA Support: Disabled
 Compressed Oops: Enabled (32-bit)
 Heap Region Size: 1M
 Heap Min Capacity: 8M
 Heap Initial Capacity: 252M
 Heap Max Capacity: 1G
 Pre-touch: Disabled
 Parallel Workers: 8
 Concurrent Workers: 2
 Concurrent Refinement Workers: 8
 Periodic GC: Disabled
Heap:
 garbage-first heap   total 20480K, used 5560K [0x00000000c0000000, 0x0000000100000000)
  region size 1024K, 1 young (1024K), 0 survivors (0K)
 Metaspace       used 2058K, committed 2240K, reserved 1056768K
  class space    used 176K, committed 256K, reserved 1048576K
GC Heap History (20 events):
Event: 20.521 GC heap before
{Heap before GC invocations=33 (full 29):
 garbage-first heap   total 20480K, used 5560K [0x00000000c0000000, 0x0000000100000000)
  region size 1024K, 1 young (1024K), 0 survivors (0K)
 Metaspace       used 2058K, committed 2240K, reserved 1056768K
  class space    used 176K, committed 256K, reserved 1048576K
}
Event: 20.526 GC heap after
{Heap after GC invocations=34 (full 30):
 garbage-first heap   total 20480K, used 5560K [0x00000000c0000000, 0x0000000100000000)
  region size 1024K, 0 young (0K), 0 survivors (0K)
 Metaspace       used 2058K, committed 2240K, reserved 1056768K
  class space    used 176K, committed 256K, reserved 1048576K
}
Event: 20.981 GC heap before
{Heap before GC invocations=34 (full 30):
 garbage-first heap   total 20480K, used 5560K [0x00000000c0000000, 0x0000000100000000)
  region size 1024K, 1 young (1024K), 0 survivors (0K)
 Metaspace       used 2058K, committed 2240K, reserved 1056768K
  class space    used 176K, committed 256K, reserved 1048576K
}
Event: 20.987 GC heap after
{Heap after GC invocations=35 (full 31):
 garbage-first heap   total 20480K, used 5560K [0x00000000c0000000, 0x0000000100000000)
  region size 1024K, 0 young (0K), 0 survivors (0K)
 Metaspace       used 2058K, committed 2240K, reserved 1056768K
  class space    used 176K, committed 256K, reserved 1048576K
}
Event: 21.076 GC heap before
{Heap before GC invocations=35 (full 31):
 garbage-first heap   total 20480K, used 5560K [0x00000000c0000000, 0x0000000100000000)
  region size 1024K, 1 young (1024K), 0 survivors (0K)
 Metaspace       used 2058K, committed 2240K, reserved 1056768K
  class space    used 176K, committed 256K, reserved 1048576K
}
Event: 21.081 GC heap after
{Heap after GC invocations=36 (full 32):
 garbage-first heap   total 20480K, used 5560K [0x00000000c0000000, 0x0000000100000000)
  region size 1024K, 0 young (0K), 0 survivors (0K)
 Metaspace       used 2058K, committed 2240K, reserved 1056768K
  class space    used 176K, committed 256K, reserved 1048576K
}
Event: 21.172 GC heap before
{Heap before GC invocations=36 (full 32):
 garbage-first heap   total 20480K, used 5560K [0x00000000c0000000, 0x0000000100000000)
  region size 1024K, 1 young (1024K), 0 survivors (0K)
 Metaspace       used 2058K, committed 2240K, reserved 1056768K
  class space    used 176K, committed 256K, reserved 1048576K
}
Event: 21.177 GC heap after
{Heap after GC invocations=37 (full 33):
 garbage-first heap   total 20480K, used 5560K [0x00000000c0000000, 0x0000000100000000)
  region size 1024K, 0 young (0K), 0 survivors (0K)
 Metaspace       used 2058K, committed 2240K, reserved 1056768K
  class space    used 176K, committed 256K, reserved 1048576K
}
Event: 21.245 GC heap before
{Heap before GC invocations=37 (full 33):
 garbage-first heap   total 20480K, used 5560K [0x00000000c0000000, 0x0000000100000000)
  region size 1024K, 1 young (1024K), 0 survivors (0K)
 Metaspace       used 2058K, committed 2240K, reserved 1056768K
  class space    used 176K, committed 256K, reserved 1048576K
}
Event: 21.251 GC heap after
{Heap after GC invocations=38 (full 34):
 garbage-first heap   total 20480K, used 5560K [0x00000000c0000000, 0x0000000100000000)
  region size 1024K, 0 young (0K), 0 survivors (0K)
 Metaspace       used 2058K, committed 2240K, reserved 1056768K
  class space    used 176K, committed 256K, reserved 1048576K
}
Event: 23.458 GC heap before
{Heap before GC invocations=38 (full 34):
 garbage-first heap   total 20480K, used 5560K [0x00000000c0000000, 0x0000000100000000)
  region size 1024K, 1 young (1024K), 0 survivors (0K)
 Metaspace       used 2058K, committed 2240K, reserved 1056768K
  class space    used 176K, committed 256K, reserved 1048576K
}
Event: 23.463 GC heap after
{Heap after GC invocations=39 (full 35):
 garbage-first heap   total 20480K, used 5560K [0x00000000c0000000, 0x0000000100000000)
  region size 1024K, 0 young (0K), 0 survivors (0K)
 Metaspace       used 2058K, committed 2240K, reserved 1056768K
  class space    used 176K, committed 256K, reserved 1048576K
}
Event: 23.544 GC heap before
{Heap before GC invocations=39 (full 35):
 garbage-first heap   total 20480K, used 5560K [0x00000000c0000000, 0x0000000100000000)
  region size 1024K, 1 young (1024K), 0 survivors (0K)
 Metaspace       used 2058K, committed 2240K, reserved 1056768K
  class space    used 176K, committed 256K, reserved 1048576K
}
Event: 23.549 GC heap after
{Heap after GC invocations=40 (full 36):
 garbage-first heap   total 20480K, used 5560K [0x00000000c0000000, 0x0000000100000000)
  region size 1024K, 0 young (0K), 0 survivors (0K)
 Metaspace       used 2058K, committed 2240K, reserved 1056768K
  class space    used 176K, committed 256K, reserved 1048576K
}
Event: 23.628 GC heap before
{Heap before GC invocations=40 (full 36):
 garbage-first heap   total 20480K, used 5560K [0x00000000c0000000, 0x0000000100000000)
  region size 1024K, 1 young (1024K), 0 survivors (0K)
 Metaspace       used 2058K, committed 2240K, reserved 1056768K
  class space    used 176K, committed 256K, reserved 1048576K
}
Event: 23.634 GC heap after
{Heap after GC invocations=41 (full 37):
 garbage-first heap   total 20480K, used 5560K [0x00000000c0000000, 0x0000000100000000)
  region size 1024K, 0 young (0K), 0 survivors (0K)
 Metaspace       used 2058K, committed 2240K, reserved 1056768K
  class space    used 176K, committed 256K, reserved 1048576K
}
Event: 125.910 GC heap before
{Heap before GC invocations=41 (full 37):
 garbage-first heap   total 20480K, used 5560K [0x00000000c0000000, 0x0000000100000000)
  region size 1024K, 1 young (1024K), 0 survivors (0K)
 Metaspace       used 2058K, committed 2240K, reserved 1056768K
  class space    used 176K, committed 256K, reserved 1048576K
}
Event: 125.923 GC heap after
{Heap after GC invocations=42 (full 38):
 garbage-first heap   total 20480K, used 5560K [0x00000000c0000000, 0x0000000100000000)
  region size 1024K, 0 young (0K), 0 survivors (0K)
 Metaspace       used 2058K, committed 2240K, reserved 1056768K
  class space    used 176K, committed 256K, reserved 1048576K
}
Event: 127.195 GC heap before
{Heap before GC invocations=42 (full 38):
 garbage-first heap   total 20480K, used 5560K [0x00000000c0000000, 0x0000000100000000)
  region size 1024K, 1 young (1024K), 0 survivors (0K)
 Metaspace       used 2058K, committed 2240K, reserved 1056768K
  class space    used 176K, committed 256K, reserved 1048576K
}
Event: 127.205 GC heap after
{Heap after GC invocations=43 (full 39):
 garbage-first heap   total 20480K, used 5560K [0x00000000c0000000, 0x0000000100000000)
  region size 1024K, 0 young (0K), 0 survivors (0K)
 Metaspace       used 2058K, committed 2240K, reserved 1056768K
  class space    used 176K, committed 256K, reserved 1048576K
}

